INFO: [VRFC 10-2263] Analyzing Verilog file "D:/SourceCode/Xilinx/ErrorFunnel/ErrorFunnel.gen/sources_1/ip/fifo_128_50/fifo_128_50_sim_netlist.v" into library xil_defaultlib
INFO: [VRFC 10-311] analyzing module fifo_128_50
INFO: [VRFC 10-311] analyzing module fifo_128_50_xpm_cdc_async_rst
INFO: [VRFC 10-311] analyzing module fifo_128_50_blk_mem_gen_generic_cstr
INFO: [VRFC 10-311] analyzing module fifo_128_50_blk_mem_gen_prim_width
INFO: [VRFC 10-311] analyzing module fifo_128_50_blk_mem_gen_prim_wrapper
INFO: [VRFC 10-311] analyzing module fifo_128_50_blk_mem_gen_top
INFO: [VRFC 10-311] analyzing module fifo_128_50_blk_mem_gen_v8_4_4
INFO: [VRFC 10-311] analyzing module fifo_128_50_blk_mem_gen_v8_4_4_synth
INFO: [VRFC 10-311] analyzing module fifo_128_50_fifo_generator_ramfifo
INFO: [VRFC 10-311] analyzing module fifo_128_50_fifo_generator_top
INFO: [VRFC 10-311] analyzing module fifo_128_50_fifo_generator_v13_2_5
INFO: [VRFC 10-311] analyzing module fifo_128_50_fifo_generator_v13_2_5_synth
INFO: [VRFC 10-311] analyzing module fifo_128_50_memory
INFO: [VRFC 10-311] analyzing module fifo_128_50_rd_bin_cntr
INFO: [VRFC 10-311] analyzing module fifo_128_50_rd_fwft
INFO: [VRFC 10-311] analyzing module fifo_128_50_rd_logic
INFO: [VRFC 10-311] analyzing module fifo_128_50_rd_status_flags_ss
INFO: [VRFC 10-311] analyzing module fifo_128_50_reset_blk_ramfifo
INFO: [VRFC 10-311] analyzing module fifo_128_50_wr_bin_cntr
INFO: [VRFC 10-311] analyzing module fifo_128_50_wr_logic
INFO: [VRFC 10-311] analyzing module fifo_128_50_wr_status_flags_ss
INFO: [VRFC 10-311] analyzing module glbl
INFO: [VRFC 10-2263] Analyzing Verilog file "D:/SourceCode/Xilinx/ErrorFunnel/ErrorFunnel.gen/sources_1/ip/ram_4096_27/ram_4096_27_sim_netlist.v" into library xil_defaultlib
INFO: [VRFC 10-311] analyzing module ram_4096_27
INFO: [VRFC 10-311] analyzing module ram_4096_27_blk_mem_gen_generic_cstr
INFO: [VRFC 10-311] analyzing module ram_4096_27_blk_mem_gen_prim_width
INFO: [VRFC 10-311] analyzing module ram_4096_27_blk_mem_gen_prim_width__parameterized0
INFO: [VRFC 10-311] analyzing module ram_4096_27_blk_mem_gen_prim_width__parameterized1
INFO: [VRFC 10-311] analyzing module ram_4096_27_blk_mem_gen_prim_wrapper
INFO: [VRFC 10-311] analyzing module ram_4096_27_blk_mem_gen_prim_wrapper__parameterized0
INFO: [VRFC 10-311] analyzing module ram_4096_27_blk_mem_gen_prim_wrapper__parameterized1
INFO: [VRFC 10-311] analyzing module ram_4096_27_blk_mem_gen_top
INFO: [VRFC 10-311] analyzing module ram_4096_27_blk_mem_gen_v8_4_4
INFO: [VRFC 10-311] analyzing module ram_4096_27_blk_mem_gen_v8_4_4_synth
INFO: [VRFC 10-2263] Analyzing Verilog file "D:/SourceCode/Xilinx/ErrorFunnel/ErrorFunnel.gen/sources_1/ip/ram_2047_17/ram_2047_17_sim_netlist.v" into library xil_defaultlib
INFO: [VRFC 10-311] analyzing module ram_2047_17
INFO: [VRFC 10-311] analyzing module ram_2047_17_blk_mem_gen_generic_cstr
INFO: [VRFC 10-311] analyzing module ram_2047_17_blk_mem_gen_prim_width
INFO: [VRFC 10-311] analyzing module ram_2047_17_blk_mem_gen_prim_wrapper
INFO: [VRFC 10-311] analyzing module ram_2047_17_blk_mem_gen_top
INFO: [VRFC 10-311] analyzing module ram_2047_17_blk_mem_gen_v8_4_4
INFO: [VRFC 10-311] analyzing module ram_2047_17_blk_mem_gen_v8_4_4_synth
INFO: [VRFC 10-2263] Analyzing Verilog file "D:/SourceCode/Xilinx/ErrorFunnel/ErrorFunnel.gen/sources_1/ip/fifo_128_48/fifo_128_48_sim_netlist.v" into library xil_defaultlib
INFO: [VRFC 10-311] analyzing module fifo_128_48
INFO: [VRFC 10-311] analyzing module fifo_128_48_xpm_cdc_async_rst
INFO: [VRFC 10-311] analyzing module fifo_128_48_blk_mem_gen_generic_cstr
INFO: [VRFC 10-311] analyzing module fifo_128_48_blk_mem_gen_prim_width
INFO: [VRFC 10-311] analyzing module fifo_128_48_blk_mem_gen_prim_wrapper
INFO: [VRFC 10-311] analyzing module fifo_128_48_blk_mem_gen_top
INFO: [VRFC 10-311] analyzing module fifo_128_48_blk_mem_gen_v8_4_4
INFO: [VRFC 10-311] analyzing module fifo_128_48_blk_mem_gen_v8_4_4_synth
INFO: [VRFC 10-311] analyzing module fifo_128_48_fifo_generator_ramfifo
INFO: [VRFC 10-311] analyzing module fifo_128_48_fifo_generator_top
INFO: [VRFC 10-311] analyzing module fifo_128_48_fifo_generator_v13_2_5
INFO: [VRFC 10-311] analyzing module fifo_128_48_fifo_generator_v13_2_5_synth
INFO: [VRFC 10-311] analyzing module fifo_128_48_memory
INFO: [VRFC 10-311] analyzing module fifo_128_48_rd_bin_cntr
INFO: [VRFC 10-311] analyzing module fifo_128_48_rd_fwft
INFO: [VRFC 10-311] analyzing module fifo_128_48_rd_logic
INFO: [VRFC 10-311] analyzing module fifo_128_48_rd_status_flags_ss
INFO: [VRFC 10-311] analyzing module fifo_128_48_reset_blk_ramfifo
INFO: [VRFC 10-311] analyzing module fifo_128_48_wr_bin_cntr
INFO: [VRFC 10-311] analyzing module fifo_128_48_wr_logic
INFO: [VRFC 10-311] analyzing module fifo_128_48_wr_status_flags_ss
INFO: [VRFC 10-2263] Analyzing Verilog file "D:/SourceCode/Xilinx/ErrorFunnel/ErrorFunnel.gen/sources_1/ip/ram_4096_8/ram_4096_8_sim_netlist.v" into library xil_defaultlib
INFO: [VRFC 10-311] analyzing module ram_4096_8
INFO: [VRFC 10-311] analyzing module ram_4096_8_blk_mem_gen_generic_cstr
INFO: [VRFC 10-311] analyzing module ram_4096_8_blk_mem_gen_prim_width
INFO: [VRFC 10-311] analyzing module ram_4096_8_blk_mem_gen_prim_wrapper
INFO: [VRFC 10-311] analyzing module ram_4096_8_blk_mem_gen_top
INFO: [VRFC 10-311] analyzing module ram_4096_8_blk_mem_gen_v8_4_4
INFO: [VRFC 10-311] analyzing module ram_4096_8_blk_mem_gen_v8_4_4_synth
INFO: [VRFC 10-2263] Analyzing Verilog file "D:/SourceCode/Xilinx/ErrorFunnel/ErrorFunnel.gen/sources_1/ip/ram_16384_4/ram_16384_4_sim_netlist.v" into library xil_defaultlib
INFO: [VRFC 10-311] analyzing module ram_16384_4
INFO: [VRFC 10-311] analyzing module ram_16384_4_blk_mem_gen_generic_cstr
INFO: [VRFC 10-311] analyzing module ram_16384_4_blk_mem_gen_prim_width
INFO: [VRFC 10-311] analyzing module ram_16384_4_blk_mem_gen_prim_width__parameterized0
INFO: [VRFC 10-311] analyzing module ram_16384_4_blk_mem_gen_prim_wrapper
INFO: [VRFC 10-311] analyzing module ram_16384_4_blk_mem_gen_prim_wrapper__parameterized0
INFO: [VRFC 10-311] analyzing module ram_16384_4_blk_mem_gen_top
INFO: [VRFC 10-311] analyzing module ram_16384_4_blk_mem_gen_v8_4_4
INFO: [VRFC 10-311] analyzing module ram_16384_4_blk_mem_gen_v8_4_4_synth
INFO: [VRFC 10-2263] Analyzing Verilog file "D:/SourceCode/Xilinx/ErrorFunnel/ErrorFunnel.gen/sources_1/ip/ram_16384_2/ram_16384_2_sim_netlist.v" into library xil_defaultlib
INFO: [VRFC 10-311] analyzing module ram_16384_2
INFO: [VRFC 10-311] analyzing module ram_16384_2_blk_mem_gen_generic_cstr
INFO: [VRFC 10-311] analyzing module ram_16384_2_blk_mem_gen_prim_width
INFO: [VRFC 10-311] analyzing module ram_16384_2_blk_mem_gen_prim_wrapper
INFO: [VRFC 10-311] analyzing module ram_16384_2_blk_mem_gen_top
INFO: [VRFC 10-311] analyzing module ram_16384_2_blk_mem_gen_v8_4_4
INFO: [VRFC 10-311] analyzing module ram_16384_2_blk_mem_gen_v8_4_4_synth
INFO: [VRFC 10-2263] Analyzing Verilog file "D:/SourceCode/Xilinx/ErrorFunnel/ErrorFunnel.gen/sources_1/ip/ram_2048_128/ram_2048_128_sim_netlist.v" into library xil_defaultlib
INFO: [VRFC 10-311] analyzing module ram_2048_128
INFO: [VRFC 10-311] analyzing module ram_2048_128_blk_mem_gen_generic_cstr
INFO: [VRFC 10-311] analyzing module ram_2048_128_blk_mem_gen_prim_width
INFO: [VRFC 10-311] analyzing module ram_2048_128_blk_mem_gen_prim_width__parameterized0
INFO: [VRFC 10-311] analyzing module ram_2048_128_blk_mem_gen_prim_width__parameterized1
INFO: [VRFC 10-311] analyzing module ram_2048_128_blk_mem_gen_prim_width__parameterized2
INFO: [VRFC 10-311] analyzing module ram_2048_128_blk_mem_gen_prim_width__parameterized3
INFO: [VRFC 10-311] analyzing module ram_2048_128_blk_mem_gen_prim_width__parameterized4
INFO: [VRFC 10-311] analyzing module ram_2048_128_blk_mem_gen_prim_width__parameterized5
INFO: [VRFC 10-311] analyzing module ram_2048_128_blk_mem_gen_prim_width__parameterized6
INFO: [VRFC 10-311] analyzing module ram_2048_128_blk_mem_gen_prim_wrapper
INFO: [VRFC 10-311] analyzing module ram_2048_128_blk_mem_gen_prim_wrapper__parameterized0
INFO: [VRFC 10-311] analyzing module ram_2048_128_blk_mem_gen_prim_wrapper__parameterized1
INFO: [VRFC 10-311] analyzing module ram_2048_128_blk_mem_gen_prim_wrapper__parameterized2
INFO: [VRFC 10-311] analyzing module ram_2048_128_blk_mem_gen_prim_wrapper__parameterized3
INFO: [VRFC 10-311] analyzing module ram_2048_128_blk_mem_gen_prim_wrapper__parameterized4
INFO: [VRFC 10-311] analyzing module ram_2048_128_blk_mem_gen_prim_wrapper__parameterized5
INFO: [VRFC 10-311] analyzing module ram_2048_128_blk_mem_gen_prim_wrapper__parameterized6
INFO: [VRFC 10-311] analyzing module ram_2048_128_blk_mem_gen_top
INFO: [VRFC 10-311] analyzing module ram_2048_128_blk_mem_gen_v8_4_4
INFO: [VRFC 10-311] analyzing module ram_2048_128_blk_mem_gen_v8_4_4_synth
INFO: [VRFC 10-2263] Analyzing Verilog file "D:/SourceCode/Xilinx/ErrorFunnel/ErrorFunnel.srcs/sources_1/new/CRC32_32in.v" into library xil_defaultlib
INFO: [VRFC 10-311] analyzing module CRC32_32in
INFO: [VRFC 10-2263] Analyzing Verilog file "D:/SourceCode/Xilinx/ErrorFunnel/ErrorFunnel.srcs/sources_1/new/CRC32_64in.v" into library xil_defaultlib
INFO: [VRFC 10-311] analyzing module CRC32_64in
INFO: [VRFC 10-2263] Analyzing Verilog file "D:/SourceCode/Xilinx/ErrorFunnel/ErrorFunnel.srcs/sources_1/new/CocoSketch.v" into library xil_defaultlib
INFO: [VRFC 10-311] analyzing module CocoSketch
INFO: [VRFC 10-2263] Analyzing Verilog file "D:/SourceCode/Xilinx/ErrorFunnel/ErrorFunnel.srcs/sources_1/new/Delay_2clock.v" into library xil_defaultlib
INFO: [VRFC 10-311] analyzing module Delay_2clock
INFO: [VRFC 10-2263] Analyzing Verilog file "D:/SourceCode/Xilinx/ErrorFunnel/ErrorFunnel.srcs/sources_1/new/Delay_3clock.v" into library xil_defaultlib
INFO: [VRFC 10-311] analyzing module Delay_3clock
INFO: [VRFC 10-2263] Analyzing Verilog file "D:/SourceCode/Xilinx/ErrorFunnel/ErrorFunnel.srcs/sources_1/new/ErrorFunnel_Top.v" into library xil_defaultlib
INFO: [VRFC 10-311] analyzing module ErrorFunnel_Top
INFO: [VRFC 10-2263] Analyzing Verilog file "D:/SourceCode/Xilinx/ErrorFunnel/ErrorFunnel.srcs/sources_1/new/FreezeBucket.v" into library xil_defaultlib
INFO: [VRFC 10-311] analyzing module FreezeBucket
INFO: [VRFC 10-2263] Analyzing Verilog file "D:/SourceCode/Xilinx/ErrorFunnel/ErrorFunnel.srcs/sources_1/new/TowerTCM_16b.v" into library xil_defaultlib
INFO: [VRFC 10-311] analyzing module TowerTCM_16b
INFO: [VRFC 10-2263] Analyzing Verilog file "D:/SourceCode/Xilinx/ErrorFunnel/ErrorFunnel.srcs/sources_1/new/TowerTCM_2b.v" into library xil_defaultlib
INFO: [VRFC 10-311] analyzing module TowerTCM_2b
INFO: [VRFC 10-2263] Analyzing Verilog file "D:/SourceCode/Xilinx/ErrorFunnel/ErrorFunnel.srcs/sources_1/new/TowerTCM_4b.v" into library xil_defaultlib
INFO: [VRFC 10-311] analyzing module TowerTCM_4b
INFO: [VRFC 10-2263] Analyzing Verilog file "D:/SourceCode/Xilinx/ErrorFunnel/ErrorFunnel.srcs/sources_1/new/TowerTCM_8b.v" into library xil_defaultlib
INFO: [VRFC 10-311] analyzing module TowerTCM_8b
INFO: [VRFC 10-2263] Analyzing Verilog file "D:/SourceCode/Xilinx/ErrorFunnel/ErrorFunnel.srcs/sim_1/new/el_send.v" into library xil_defaultlib
INFO: [VRFC 10-311] analyzing module el_send
INFO: [VRFC 10-2263] Analyzing Verilog file "D:/SourceCode/Xilinx/ErrorFunnel/ErrorFunnel.srcs/sim_1/new/ErrorFunnel_tb.v" into library xil_defaultlib
INFO: [VRFC 10-311] analyzing module ErrorFunnel_tb
