Copyright 1986-2020 Xilinx, Inc. All Rights Reserved.
--------------------------------------------------------------------------------------------
| Tool Version : Vivado v.2020.2 (win64) Build 3064766 Wed Nov 18 09:12:45 MST 2020
| Date         : Sat Nov 18 16:19:15 2023
| Host         : LAPTOP-CK74LVEA running 64-bit major release  (build 9200)
| Command      : report_control_sets -verbose -file ErrorFunnel_Top_control_sets_placed.rpt
| Design       : ErrorFunnel_Top
| Device       : xc7vx690t
--------------------------------------------------------------------------------------------

Control Set Information

Table of Contents
-----------------
1. Summary
2. Histogram
3. Flip-Flop Distribution
4. Detailed Control Set Information

1. Summary
----------

+----------------------------------------------------------+-------+
|                          Status                          | Count |
+----------------------------------------------------------+-------+
| Total control sets                                       |    71 |
|    Minimum number of control sets                        |    71 |
|    Addition due to synthesis replication                 |     0 |
|    Addition due to physical synthesis replication        |     0 |
| Unused register locations in slices containing registers |   260 |
+----------------------------------------------------------+-------+
* Control sets can be merged at opt_design using control_set_merge or merge_equivalent_drivers
** Run report_qor_suggestions for automated merging and remapping suggestions


2. Histogram
------------

+--------------------+-------+
|       Fanout       | Count |
+--------------------+-------+
| Total control sets |    71 |
| >= 0 to < 4        |    16 |
| >= 4 to < 6        |     6 |
| >= 6 to < 8        |     0 |
| >= 8 to < 10       |     2 |
| >= 10 to < 12      |     8 |
| >= 12 to < 14      |     2 |
| >= 14 to < 16      |    16 |
| >= 16              |    21 |
+--------------------+-------+
* Control sets can be remapped at either synth_design or opt_design


3. Flip-Flop Distribution
-------------------------

+--------------+-----------------------+------------------------+-----------------+--------------+
| Clock Enable | Synchronous Set/Reset | Asynchronous Set/Reset | Total Registers | Total Slices |
+--------------+-----------------------+------------------------+-----------------+--------------+
| No           | No                    | No                     |             108 |           29 |
| No           | No                    | Yes                    |            1922 |          516 |
| No           | Yes                   | No                     |               0 |            0 |
| Yes          | No                    | No                     |               0 |            0 |
| Yes          | No                    | Yes                    |             680 |          237 |
| Yes          | Yes                   | No                     |             382 |           69 |
+--------------+-----------------------+------------------------+-----------------+--------------+


4. Detailed Control Set Information
-----------------------------------

+------------------+------------------------------------------------------------------------------------------------------------------------------------+-----------------------------------------------------------------------------------------------------------------------------------------------+------------------+----------------+--------------+
|   Clock Signal   |                                                            Enable Signal                                                           |                                                                Set/Reset Signal                                                               | Slice Load Count | Bel Load Count | Bels / Slice |
+------------------+------------------------------------------------------------------------------------------------------------------------------------+-----------------------------------------------------------------------------------------------------------------------------------------------+------------------+----------------+--------------+
|  i_clk_IBUF_BUFG |                                                                                                                                    | u_towertcm_2b/u_buffer_fifo/U0/inst_fifo_gen/gconvfifo.rf/grf.rf/rstblk/rst_d2                                                                |                1 |              2 |         2.00 |
|  i_clk_IBUF_BUFG |                                                                                                                                    | u_towertcm_2b/u_main_fifo/U0/inst_fifo_gen/gconvfifo.rf/grf.rf/rstblk/rst_d2                                                                  |                1 |              2 |         2.00 |
|  i_clk_IBUF_BUFG |                                                                                                                                    | u_towertcm_16b/u_buffer_fifo/U0/inst_fifo_gen/gconvfifo.rf/grf.rf/rstblk/rst_d2                                                               |                1 |              2 |         2.00 |
|  i_clk_IBUF_BUFG |                                                                                                                                    | u_towertcm_16b/u_main_fifo/U0/inst_fifo_gen/gconvfifo.rf/grf.rf/rstblk/rst_d2                                                                 |                1 |              2 |         2.00 |
|  i_clk_IBUF_BUFG |                                                                                                                                    | u_towertcm_4b/u_buffer_fifo/U0/inst_fifo_gen/gconvfifo.rf/grf.rf/rstblk/rst_d2                                                                |                1 |              2 |         2.00 |
|  i_clk_IBUF_BUFG |                                                                                                                                    | u_towertcm_4b/u_main_fifo/U0/inst_fifo_gen/gconvfifo.rf/grf.rf/rstblk/rst_d2                                                                  |                1 |              2 |         2.00 |
|  i_clk_IBUF_BUFG |                                                                                                                                    | u_towertcm_8b/u_buffer_fifo/U0/inst_fifo_gen/gconvfifo.rf/grf.rf/rstblk/rst_d2                                                                |                1 |              2 |         2.00 |
|  i_clk_IBUF_BUFG |                                                                                                                                    | u_towertcm_8b/u_main_fifo/U0/inst_fifo_gen/gconvfifo.rf/grf.rf/rstblk/rst_d2                                                                  |                1 |              2 |         2.00 |
|  i_clk_IBUF_BUFG |                                                                                                                                    | u_towertcm_8b/u_main_fifo/U0/inst_fifo_gen/gconvfifo.rf/grf.rf/rstblk/ngwrdrst.grst.g7serrst.gnsckt_wrst.rst_wr_reg2_inst/arststages_ff[1]    |                1 |              3 |         3.00 |
|  i_clk_IBUF_BUFG |                                                                                                                                    | u_towertcm_2b/u_main_fifo/U0/inst_fifo_gen/gconvfifo.rf/grf.rf/rstblk/ngwrdrst.grst.g7serrst.gnsckt_wrst.rst_wr_reg2_inst/arststages_ff[1]    |                1 |              3 |         3.00 |
|  i_clk_IBUF_BUFG |                                                                                                                                    | u_towertcm_16b/u_buffer_fifo/U0/inst_fifo_gen/gconvfifo.rf/grf.rf/rstblk/ngwrdrst.grst.g7serrst.gnsckt_wrst.rst_wr_reg2_inst/arststages_ff[1] |                1 |              3 |         3.00 |
|  i_clk_IBUF_BUFG |                                                                                                                                    | u_towertcm_2b/u_buffer_fifo/U0/inst_fifo_gen/gconvfifo.rf/grf.rf/rstblk/ngwrdrst.grst.g7serrst.gnsckt_wrst.rst_wr_reg2_inst/arststages_ff[1]  |                1 |              3 |         3.00 |
|  i_clk_IBUF_BUFG |                                                                                                                                    | u_towertcm_16b/u_main_fifo/U0/inst_fifo_gen/gconvfifo.rf/grf.rf/rstblk/ngwrdrst.grst.g7serrst.gnsckt_wrst.rst_wr_reg2_inst/arststages_ff[1]   |                1 |              3 |         3.00 |
|  i_clk_IBUF_BUFG |                                                                                                                                    | u_towertcm_4b/u_buffer_fifo/U0/inst_fifo_gen/gconvfifo.rf/grf.rf/rstblk/ngwrdrst.grst.g7serrst.gnsckt_wrst.rst_wr_reg2_inst/arststages_ff[1]  |                1 |              3 |         3.00 |
|  i_clk_IBUF_BUFG |                                                                                                                                    | u_towertcm_4b/u_main_fifo/U0/inst_fifo_gen/gconvfifo.rf/grf.rf/rstblk/ngwrdrst.grst.g7serrst.gnsckt_wrst.rst_wr_reg2_inst/arststages_ff[1]    |                2 |              3 |         1.50 |
|  i_clk_IBUF_BUFG |                                                                                                                                    | u_towertcm_8b/u_buffer_fifo/U0/inst_fifo_gen/gconvfifo.rf/grf.rf/rstblk/ngwrdrst.grst.g7serrst.gnsckt_wrst.rst_wr_reg2_inst/arststages_ff[1]  |                1 |              3 |         3.00 |
|  i_clk_IBUF_BUFG | u_towertcm_16b/u_freezebucket/u_delay_2clock_indicator/o_data_en_delay_2_reg_4[0]                                                  | u_cocosketch/i_rst_n                                                                                                                          |                2 |              4 |         2.00 |
|  i_clk_IBUF_BUFG | u_towertcm_2b/FSM_onehot_wr_fifo_state[3]_i_1_n_0                                                                                  | u_cocosketch/i_rst_n                                                                                                                          |                1 |              4 |         4.00 |
|  i_clk_IBUF_BUFG | u_towertcm_16b/u_freezebucket/FSM_sequential_read_memory_state[3]_i_1_n_0                                                          | u_cocosketch/i_rst_n                                                                                                                          |                2 |              4 |         2.00 |
|  i_clk_IBUF_BUFG | u_towertcm_4b/FSM_onehot_wr_fifo_state[3]_i_1__0_n_0                                                                               | u_cocosketch/i_rst_n                                                                                                                          |                1 |              4 |         4.00 |
|  i_clk_IBUF_BUFG | u_towertcm_16b/FSM_onehot_wr_fifo_state[3]_i_1__2_n_0                                                                              | u_cocosketch/i_rst_n                                                                                                                          |                1 |              4 |         4.00 |
|  i_clk_IBUF_BUFG | u_towertcm_8b/FSM_onehot_wr_fifo_state[3]_i_1__1_n_0                                                                               | u_cocosketch/i_rst_n                                                                                                                          |                1 |              4 |         4.00 |
|  i_clk_IBUF_BUFG | u_towertcm_16b/u_freezebucket/temp_freeze_hash                                                                                     | u_cocosketch/i_rst_n                                                                                                                          |                3 |              9 |         3.00 |
|  i_clk_IBUF_BUFG | u_towertcm_16b/u_freezebucket/u_delay_2clock_indicator/o_data_en_delay_2_reg_3[0]                                                  | u_cocosketch/i_rst_n                                                                                                                          |                4 |              9 |         2.25 |
|  i_clk_IBUF_BUFG |                                                                                                                                    | u_towertcm_2b/u_main_fifo/U0/inst_fifo_gen/gconvfifo.rf/grf.rf/rstblk/SR[0]                                                                   |                3 |             10 |         3.33 |
|  i_clk_IBUF_BUFG |                                                                                                                                    | u_towertcm_8b/u_main_fifo/U0/inst_fifo_gen/gconvfifo.rf/grf.rf/rstblk/SR[0]                                                                   |                4 |             10 |         2.50 |
|  i_clk_IBUF_BUFG |                                                                                                                                    | u_towertcm_16b/u_buffer_fifo/U0/inst_fifo_gen/gconvfifo.rf/grf.rf/rstblk/SR[0]                                                                |                2 |             10 |         5.00 |
|  i_clk_IBUF_BUFG |                                                                                                                                    | u_towertcm_2b/u_buffer_fifo/U0/inst_fifo_gen/gconvfifo.rf/grf.rf/rstblk/SR[0]                                                                 |                4 |             10 |         2.50 |
|  i_clk_IBUF_BUFG |                                                                                                                                    | u_towertcm_16b/u_main_fifo/U0/inst_fifo_gen/gconvfifo.rf/grf.rf/rstblk/SR[0]                                                                  |                3 |             10 |         3.33 |
|  i_clk_IBUF_BUFG |                                                                                                                                    | u_towertcm_4b/u_buffer_fifo/U0/inst_fifo_gen/gconvfifo.rf/grf.rf/rstblk/SR[0]                                                                 |                3 |             10 |         3.33 |
|  i_clk_IBUF_BUFG |                                                                                                                                    | u_towertcm_4b/u_main_fifo/U0/inst_fifo_gen/gconvfifo.rf/grf.rf/rstblk/SR[0]                                                                   |                3 |             10 |         3.33 |
|  i_clk_IBUF_BUFG |                                                                                                                                    | u_towertcm_8b/u_buffer_fifo/U0/inst_fifo_gen/gconvfifo.rf/grf.rf/rstblk/SR[0]                                                                 |                2 |             10 |         5.00 |
|  i_clk_IBUF_BUFG | u_towertcm_16b/u_freezebucket/ram_rd_en_freeze_i_1_n_0                                                                             | u_cocosketch/i_rst_n                                                                                                                          |                4 |             12 |         3.00 |
|  i_clk_IBUF_BUFG | u_towertcm_16b/u_freezebucket/E[0]                                                                                                 | u_cocosketch/i_rst_n                                                                                                                          |                3 |             12 |         4.00 |
|  i_clk_IBUF_BUFG | u_towertcm_4b/u_main_fifo/U0/inst_fifo_gen/gconvfifo.rf/grf.rf/gntv_or_sync_fifo.gl0.rd/gr1.gr1_int.rfwft/ram_empty_fb_i_reg[0]    | u_towertcm_4b/u_main_fifo/U0/inst_fifo_gen/gconvfifo.rf/grf.rf/rstblk/SR[0]                                                                   |                4 |             14 |         3.50 |
|  i_clk_IBUF_BUFG | u_towertcm_4b/u_main_fifo/U0/inst_fifo_gen/gconvfifo.rf/grf.rf/gntv_or_sync_fifo.gl0.wr/gwss.wsts/E[0]                             | u_towertcm_4b/u_main_fifo/U0/inst_fifo_gen/gconvfifo.rf/grf.rf/rstblk/SR[0]                                                                   |                3 |             14 |         4.67 |
|  i_clk_IBUF_BUFG | u_towertcm_8b/u_main_fifo/U0/inst_fifo_gen/gconvfifo.rf/grf.rf/gntv_or_sync_fifo.gl0.wr/gwss.wsts/E[0]                             | u_towertcm_8b/u_main_fifo/U0/inst_fifo_gen/gconvfifo.rf/grf.rf/rstblk/SR[0]                                                                   |                3 |             14 |         4.67 |
|  i_clk_IBUF_BUFG | u_towertcm_4b/u_buffer_fifo/U0/inst_fifo_gen/gconvfifo.rf/grf.rf/gntv_or_sync_fifo.gl0.wr/gwss.wsts/E[0]                           | u_towertcm_4b/u_buffer_fifo/U0/inst_fifo_gen/gconvfifo.rf/grf.rf/rstblk/SR[0]                                                                 |                4 |             14 |         3.50 |
|  i_clk_IBUF_BUFG | u_towertcm_16b/u_buffer_fifo/U0/inst_fifo_gen/gconvfifo.rf/grf.rf/gntv_or_sync_fifo.gl0.rd/gr1.gr1_int.rfwft/ram_empty_fb_i_reg[0] | u_towertcm_16b/u_buffer_fifo/U0/inst_fifo_gen/gconvfifo.rf/grf.rf/rstblk/SR[0]                                                                |                4 |             14 |         3.50 |
|  i_clk_IBUF_BUFG | u_towertcm_16b/u_buffer_fifo/U0/inst_fifo_gen/gconvfifo.rf/grf.rf/gntv_or_sync_fifo.gl0.wr/gwss.wsts/E[0]                          | u_towertcm_16b/u_buffer_fifo/U0/inst_fifo_gen/gconvfifo.rf/grf.rf/rstblk/SR[0]                                                                |                4 |             14 |         3.50 |
|  i_clk_IBUF_BUFG | u_towertcm_2b/u_main_fifo/U0/inst_fifo_gen/gconvfifo.rf/grf.rf/gntv_or_sync_fifo.gl0.rd/gr1.gr1_int.rfwft/ram_empty_fb_i_reg[0]    | u_towertcm_2b/u_main_fifo/U0/inst_fifo_gen/gconvfifo.rf/grf.rf/rstblk/SR[0]                                                                   |                3 |             14 |         4.67 |
|  i_clk_IBUF_BUFG | u_towertcm_2b/u_main_fifo/U0/inst_fifo_gen/gconvfifo.rf/grf.rf/gntv_or_sync_fifo.gl0.wr/gwss.wsts/E[0]                             | u_towertcm_2b/u_main_fifo/U0/inst_fifo_gen/gconvfifo.rf/grf.rf/rstblk/SR[0]                                                                   |                3 |             14 |         4.67 |
|  i_clk_IBUF_BUFG | u_towertcm_2b/u_buffer_fifo/U0/inst_fifo_gen/gconvfifo.rf/grf.rf/gntv_or_sync_fifo.gl0.rd/gr1.gr1_int.rfwft/ram_empty_fb_i_reg[0]  | u_towertcm_2b/u_buffer_fifo/U0/inst_fifo_gen/gconvfifo.rf/grf.rf/rstblk/SR[0]                                                                 |                3 |             14 |         4.67 |
|  i_clk_IBUF_BUFG | u_towertcm_2b/u_buffer_fifo/U0/inst_fifo_gen/gconvfifo.rf/grf.rf/gntv_or_sync_fifo.gl0.wr/gwss.wsts/E[0]                           | u_towertcm_2b/u_buffer_fifo/U0/inst_fifo_gen/gconvfifo.rf/grf.rf/rstblk/SR[0]                                                                 |                4 |             14 |         3.50 |
|  i_clk_IBUF_BUFG | u_towertcm_16b/u_main_fifo/U0/inst_fifo_gen/gconvfifo.rf/grf.rf/gntv_or_sync_fifo.gl0.wr/gwss.wsts/E[0]                            | u_towertcm_16b/u_main_fifo/U0/inst_fifo_gen/gconvfifo.rf/grf.rf/rstblk/SR[0]                                                                  |                3 |             14 |         4.67 |
|  i_clk_IBUF_BUFG | u_towertcm_4b/u_buffer_fifo/U0/inst_fifo_gen/gconvfifo.rf/grf.rf/gntv_or_sync_fifo.gl0.rd/gr1.gr1_int.rfwft/ram_empty_fb_i_reg[0]  | u_towertcm_4b/u_buffer_fifo/U0/inst_fifo_gen/gconvfifo.rf/grf.rf/rstblk/SR[0]                                                                 |                3 |             14 |         4.67 |
|  i_clk_IBUF_BUFG | u_towertcm_16b/u_main_fifo/U0/inst_fifo_gen/gconvfifo.rf/grf.rf/gntv_or_sync_fifo.gl0.rd/gr1.gr1_int.rfwft/ram_empty_fb_i_reg[0]   | u_towertcm_16b/u_main_fifo/U0/inst_fifo_gen/gconvfifo.rf/grf.rf/rstblk/SR[0]                                                                  |                3 |             14 |         4.67 |
|  i_clk_IBUF_BUFG | u_towertcm_8b/u_buffer_fifo/U0/inst_fifo_gen/gconvfifo.rf/grf.rf/gntv_or_sync_fifo.gl0.rd/gr1.gr1_int.rfwft/ram_empty_fb_i_reg[0]  | u_towertcm_8b/u_buffer_fifo/U0/inst_fifo_gen/gconvfifo.rf/grf.rf/rstblk/SR[0]                                                                 |                3 |             14 |         4.67 |
|  i_clk_IBUF_BUFG | u_towertcm_8b/u_buffer_fifo/U0/inst_fifo_gen/gconvfifo.rf/grf.rf/gntv_or_sync_fifo.gl0.wr/gwss.wsts/E[0]                           | u_towertcm_8b/u_buffer_fifo/U0/inst_fifo_gen/gconvfifo.rf/grf.rf/rstblk/SR[0]                                                                 |                3 |             14 |         4.67 |
|  i_clk_IBUF_BUFG | u_towertcm_8b/u_main_fifo/U0/inst_fifo_gen/gconvfifo.rf/grf.rf/gntv_or_sync_fifo.gl0.rd/gr1.gr1_int.rfwft/ram_empty_fb_i_reg[0]    | u_towertcm_8b/u_main_fifo/U0/inst_fifo_gen/gconvfifo.rf/grf.rf/rstblk/SR[0]                                                                   |                3 |             14 |         4.67 |
|  i_clk_IBUF_BUFG | u_towertcm_8b/FSM_onehot_rd_ram_state[3]_i_1__1_n_0                                                                                | u_cocosketch/i_rst_n                                                                                                                          |                3 |             16 |         5.33 |
|  i_clk_IBUF_BUFG | u_towertcm_4b/FSM_onehot_rd_ram_state[3]_i_1__0_n_0                                                                                | u_cocosketch/i_rst_n                                                                                                                          |                3 |             18 |         6.00 |
|  i_clk_IBUF_BUFG | u_towertcm_2b/FSM_onehot_rd_ram_state[3]_i_1_n_0                                                                                   | u_cocosketch/i_rst_n                                                                                                                          |                3 |             18 |         6.00 |
|  i_clk_IBUF_BUFG | u_towertcm_16b/u_delay_3clock_rd_tcm/o_data_delay_3_reg[48]_1[0]                                                                   | u_cocosketch/i_rst_n                                                                                                                          |                8 |             25 |         3.12 |
|  i_clk_IBUF_BUFG | u_towertcm_16b/u_freezebucket/ram_wr_data[0]                                                                                       | u_cocosketch/i_rst_n                                                                                                                          |               15 |             27 |         1.80 |
|  i_clk_IBUF_BUFG | u_towertcm_16b/u_delay_3clock_rd_tcm/o_data_delay_3_reg[49]_0[0]                                                                   | u_cocosketch/i_rst_n                                                                                                                          |                7 |             32 |         4.57 |
|  i_clk_IBUF_BUFG | i_uv_en_IBUF                                                                                                                       | u_cocosketch/i_rst_n                                                                                                                          |               21 |             32 |         1.52 |
|  i_clk_IBUF_BUFG | u_towertcm_16b/u_delay_3clock_rd_tcm/E[0]                                                                                          | u_cocosketch/i_rst_n                                                                                                                          |               11 |             39 |         3.55 |
|  i_clk_IBUF_BUFG | u_towertcm_8b/u_main_fifo/U0/inst_fifo_gen/gconvfifo.rf/grf.rf/gntv_or_sync_fifo.gl0.rd/gr1.gr1_int.rfwft/E[0]                     | u_towertcm_8b/u_main_fifo/U0/inst_fifo_gen/gconvfifo.rf/grf.rf/rstblk/SR[0]                                                                   |               10 |             46 |         4.60 |
|  i_clk_IBUF_BUFG | u_towertcm_4b/u_main_fifo/U0/inst_fifo_gen/gconvfifo.rf/grf.rf/gntv_or_sync_fifo.gl0.rd/gr1.gr1_int.rfwft/E[0]                     | u_towertcm_4b/u_main_fifo/U0/inst_fifo_gen/gconvfifo.rf/grf.rf/rstblk/SR[0]                                                                   |                9 |             47 |         5.22 |
|  i_clk_IBUF_BUFG | u_towertcm_2b/u_main_fifo/U0/inst_fifo_gen/gconvfifo.rf/grf.rf/gntv_or_sync_fifo.gl0.rd/gr1.gr1_int.rfwft/E[0]                     | u_towertcm_2b/u_main_fifo/U0/inst_fifo_gen/gconvfifo.rf/grf.rf/rstblk/SR[0]                                                                   |               10 |             47 |         4.70 |
|  i_clk_IBUF_BUFG | u_towertcm_4b/u_buffer_fifo/U0/inst_fifo_gen/gconvfifo.rf/grf.rf/gntv_or_sync_fifo.gl0.rd/gr1.gr1_int.rfwft/E[0]                   | u_towertcm_4b/u_buffer_fifo/U0/inst_fifo_gen/gconvfifo.rf/grf.rf/rstblk/SR[0]                                                                 |                7 |             48 |         6.86 |
|  i_clk_IBUF_BUFG | u_towertcm_16b/u_main_fifo/U0/inst_fifo_gen/gconvfifo.rf/grf.rf/gntv_or_sync_fifo.gl0.rd/gr1.gr1_int.rfwft/E[0]                    | u_towertcm_16b/u_main_fifo/U0/inst_fifo_gen/gconvfifo.rf/grf.rf/rstblk/SR[0]                                                                  |                9 |             48 |         5.33 |
|  i_clk_IBUF_BUFG | u_towertcm_8b/u_buffer_fifo/U0/inst_fifo_gen/gconvfifo.rf/grf.rf/gntv_or_sync_fifo.gl0.rd/gr1.gr1_int.rfwft/E[0]                   | u_towertcm_8b/u_buffer_fifo/U0/inst_fifo_gen/gconvfifo.rf/grf.rf/rstblk/SR[0]                                                                 |                8 |             48 |         6.00 |
|  i_clk_IBUF_BUFG | u_towertcm_2b/u_buffer_fifo/U0/inst_fifo_gen/gconvfifo.rf/grf.rf/gntv_or_sync_fifo.gl0.rd/gr1.gr1_int.rfwft/E[0]                   | u_towertcm_2b/u_buffer_fifo/U0/inst_fifo_gen/gconvfifo.rf/grf.rf/rstblk/SR[0]                                                                 |                8 |             48 |         6.00 |
|  i_clk_IBUF_BUFG | u_towertcm_16b/u_buffer_fifo/U0/inst_fifo_gen/gconvfifo.rf/grf.rf/gntv_or_sync_fifo.gl0.rd/gr1.gr1_int.rfwft/E[0]                  | u_towertcm_16b/u_buffer_fifo/U0/inst_fifo_gen/gconvfifo.rf/grf.rf/rstblk/SR[0]                                                                |                8 |             50 |         6.25 |
|  i_clk_IBUF_BUFG | u_towertcm_16b/u_freezebucket/ram_wr_en_freeze                                                                                     | u_cocosketch/i_rst_n                                                                                                                          |               22 |             55 |         2.50 |
|  i_clk_IBUF_BUFG | u_cocosketch/o_uv_en                                                                                                               | u_cocosketch/i_rst_n                                                                                                                          |               33 |             64 |         1.94 |
|  i_clk_IBUF_BUFG | u_cocosketch/o_u1v1PureCnt_en                                                                                                      | u_cocosketch/i_rst_n                                                                                                                          |               36 |             64 |         1.78 |
|  i_clk_IBUF_BUFG |                                                                                                                                    |                                                                                                                                               |               29 |            184 |         6.34 |
|  i_clk_IBUF_BUFG |                                                                                                                                    | u_cocosketch/i_rst_n                                                                                                                          |              475 |           1802 |         3.79 |
+------------------+------------------------------------------------------------------------------------------------------------------------------------+-----------------------------------------------------------------------------------------------------------------------------------------------+------------------+----------------+--------------+


